<?xml version="1.0" encoding="UTF-8"?>
<!-- Generated by org.testng.reporters.JUnitReportReporter -->
<testsuite hostname="GATADI" failures="0" tests="1" name="test.TC007_ValidateFieldsOnBookingPage" time="11.819" errors="0" timestamp="2024-04-03T19:13:16 IST" skipped="0">
  <testcase classname="test.TC007_ValidateFieldsOnBookingPage" name="tc_07_validateFields" time="11.819"/>
  <system-out/>
</testsuite> <!-- test.TC007_ValidateFieldsOnBookingPage -->
