<?xml version="1.0" encoding="UTF-8"?>
<!-- Generated by org.testng.reporters.JUnitReportReporter -->
<testsuite hostname="GATADI" failures="0" tests="1" name="test.TC001_NavigatingToSpiceJet" time="12.268" errors="0" timestamp="2024-04-03T19:13:16 IST" skipped="0">
  <testcase classname="test.TC001_NavigatingToSpiceJet" name="tc_01_navigateToSpiceJetHomePage" time="12.268"/>
  <system-out/>
</testsuite> <!-- test.TC001_NavigatingToSpiceJet -->
