<?xml version="1.0" encoding="UTF-8"?>
<!-- Generated by org.testng.reporters.JUnitReportReporter -->
<testsuite hostname="GATADI" failures="0" tests="1" name="test.TC001_NavigatingToSpiceJet" time="9.435" errors="0" timestamp="2024-04-04T00:04:04 IST" skipped="0">
  <testcase classname="test.TC001_NavigatingToSpiceJet" name="tc_01_navigateToSpiceJetHomePage" time="9.435"/>
  <system-out/>
</testsuite> <!-- test.TC001_NavigatingToSpiceJet -->
