<?xml version="1.0" encoding="UTF-8"?>
<!-- Generated by org.testng.reporters.JUnitReportReporter -->
<testsuite hostname="GATADI" failures="0" tests="1" name="test.TC004_NewFlightOneWay" time="39.798" errors="0" timestamp="2024-04-04T00:04:04 IST" skipped="0">
  <testcase classname="test.TC004_NewFlightOneWay" name="tc_04_bookOneWayFlight" time="39.798"/>
  <system-out/>
</testsuite> <!-- test.TC004_NewFlightOneWay -->
