<?xml version="1.0" encoding="UTF-8"?>
<!-- Generated by org.testng.reporters.JUnitReportReporter -->
<testsuite hostname="GATADI" failures="0" tests="1" name="test.TC005_NewFlightRoundTrip" time="12.390" errors="0" timestamp="2024-04-04T00:04:04 IST" skipped="0">
  <testcase classname="test.TC005_NewFlightRoundTrip" name="tc_05_bookNewRoundTripFlight" time="12.390"/>
  <system-out/>
</testsuite> <!-- test.TC005_NewFlightRoundTrip -->
