<?xml version="1.0" encoding="UTF-8"?>
<!-- Generated by org.testng.reporters.JUnitReportReporter -->
<testsuite hostname="GATADI" failures="0" tests="4" name="test.TC003_LoginWithEmail" time="48.107" errors="0" timestamp="2024-04-03T20:06:56 IST" skipped="0">
  <testcase classname="test.TC003_LoginWithEmail" name="tc_03_loginToSpiceJetApp" time="12.188"/>
  <testcase classname="test.TC003_LoginWithEmail" name="tc_03_loginToSpiceJetApp" time="11.335"/>
  <testcase classname="test.TC003_LoginWithEmail" name="tc_03_loginToSpiceJetApp" time="12.364"/>
  <testcase classname="test.TC003_LoginWithEmail" name="tc_03_loginToSpiceJetApp" time="12.220"/>
</testsuite> <!-- test.TC003_LoginWithEmail -->
